{"/home/catherine/Desktop/MICROVERSE PROJECTS/MODULE 2/WEEK 3/TESTS-PRACTICE/Tests-practice/practice.js": {"path":"/home/catherine/Desktop/MICROVERSE PROJECTS/MODULE 2/WEEK 3/TESTS-PRACTICE/Tests-practice/practice.js","statementMap":{"0":{"start":{"line":3,"column":0},"end":{"line":8,"column":2}},"1":{"start":{"line":4,"column":2},"end":{"line":6,"column":3}},"2":{"start":{"line":5,"column":4},"end":{"line":5,"column":26}},"3":{"start":{"line":7,"column":2},"end":{"line":7,"column":23}},"4":{"start":{"line":10,"column":0},"end":{"line":10,"column":30}}},"fnMap":{"0":{"name":"(anonymous_0)","decl":{"start":{"line":3,"column":15},"end":{"line":3,"column":16}},"loc":{"start":{"line":3,"column":27},"end":{"line":8,"column":1}},"line":3}},"branchMap":{"0":{"loc":{"start":{"line":4,"column":2},"end":{"line":6,"column":3}},"type":"if","locations":[{"start":{"line":4,"column":2},"end":{"line":6,"column":3}},{"start":{},"end":{}}],"line":4},"1":{"loc":{"start":{"line":4,"column":6},"end":{"line":4,"column":45}},"type":"binary-expr","locations":[{"start":{"line":4,"column":6},"end":{"line":4,"column":23}},{"start":{"line":4,"column":27},"end":{"line":4,"column":45}}],"line":4}},"s":{"0":1,"1":2,"2":0,"3":2,"4":1},"f":{"0":2},"b":{"0":[0,2],"1":[2,2]},"_coverageSchema":"1a1c01bbd47fc00a2c39e90264f33305004495a9","hash":"40163e0bd09b812a43568d1563ce8ae79284ffe6"}
}
